{"uid":"524baa1431d65e85","name":"Validate all items in homepage","fullName":"src/test/resources/Features/homePage.feature:12","historyId":"c9115a81c97f67fa6c5d4053af11fd05","time":{"start":1759331208306,"stop":1759331216594,"duration":8288},"status":"failed","statusMessage":"expected:<Sauce Labs Backpack> but was:<[Sauce Labs Backpack, Sauce Labs Bike Light, Sauce Labs Bolt T-Shirt, Sauce Labs Fleece Jacket, Sauce Labs Onesie, Test.allTheThings() T-Shirt (Red)]>","statusTrace":"java.lang.AssertionError: expected:<Sauce Labs Backpack> but was:<[Sauce Labs Backpack, Sauce Labs Bike Light, Sauce Labs Bolt T-Shirt, Sauce Labs Fleece Jacket, Sauce Labs Onesie, Test.allTheThings() T-Shirt (Red)]>\r\n\tat org.junit.Assert.fail(Assert.java:89)\r\n\tat org.junit.Assert.failNotEquals(Assert.java:835)\r\n\tat org.junit.Assert.assertEquals(Assert.java:120)\r\n\tat org.junit.Assert.assertEquals(Assert.java:146)\r\n\tat com.UI.TestStepDefinitions.HomePageTest.validate_all_the_items_labels(HomePageTest.java:45)\r\n\tat ✽.validate all the items labels(file:///D:/checkoutRepo/BddTestAutomation/TestAutomationFramework/src/test/resources/Features/homePage.feature:14)\r\n","flaky":false,"newFailed":false,"newBroken":false,"newPassed":false,"retriesCount":1,"retriesStatusChange":true,"beforeStages":[{"name":"com.UI.Hooks.Setup.init()","time":{"start":1759331208332,"stop":1759331214104,"duration":5772},"status":"passed","steps":[],"attachments":[],"parameters":[],"hasContent":false,"attachmentStep":false,"stepsCount":0,"attachmentsCount":0,"shouldDisplayMessage":false}],"testStage":{"status":"failed","statusMessage":"expected:<Sauce Labs Backpack> but was:<[Sauce Labs Backpack, Sauce Labs Bike Light, Sauce Labs Bolt T-Shirt, Sauce Labs Fleece Jacket, Sauce Labs Onesie, Test.allTheThings() T-Shirt (Red)]>","statusTrace":"java.lang.AssertionError: expected:<Sauce Labs Backpack> but was:<[Sauce Labs Backpack, Sauce Labs Bike Light, Sauce Labs Bolt T-Shirt, Sauce Labs Fleece Jacket, Sauce Labs Onesie, Test.allTheThings() T-Shirt (Red)]>\r\n\tat org.junit.Assert.fail(Assert.java:89)\r\n\tat org.junit.Assert.failNotEquals(Assert.java:835)\r\n\tat org.junit.Assert.assertEquals(Assert.java:120)\r\n\tat org.junit.Assert.assertEquals(Assert.java:146)\r\n\tat com.UI.TestStepDefinitions.HomePageTest.validate_all_the_items_labels(HomePageTest.java:45)\r\n\tat ✽.validate all the items labels(file:///D:/checkoutRepo/BddTestAutomation/TestAutomationFramework/src/test/resources/Features/homePage.feature:14)\r\n","steps":[{"name":"Given User navigate to the login page","time":{"start":1759331214270,"stop":1759331214345,"duration":75},"status":"passed","steps":[],"attachments":[],"parameters":[],"hasContent":false,"attachmentStep":false,"stepsCount":0,"attachmentsCount":0,"shouldDisplayMessage":false},{"name":"When User submit username \"<username>\"","time":{"start":1759331214354,"stop":1759331214551,"duration":197},"status":"passed","steps":[],"attachments":[],"parameters":[],"hasContent":false,"attachmentStep":false,"stepsCount":0,"attachmentsCount":0,"shouldDisplayMessage":false},{"name":"And User submit password \"<password>\"","time":{"start":1759331214552,"stop":1759331214965,"duration":413},"status":"passed","steps":[],"attachments":[],"parameters":[],"hasContent":false,"attachmentStep":false,"stepsCount":0,"attachmentsCount":0,"shouldDisplayMessage":false},{"name":"Then User has landed on homepage","time":{"start":1759331214966,"stop":1759331215034,"duration":68},"status":"passed","steps":[],"attachments":[],"parameters":[],"hasContent":false,"attachmentStep":false,"stepsCount":0,"attachmentsCount":0,"shouldDisplayMessage":false},{"name":"When user checks the secondary header label","time":{"start":1759331215035,"stop":1759331215193,"duration":158},"status":"passed","steps":[],"attachments":[],"parameters":[],"hasContent":false,"attachmentStep":false,"stepsCount":0,"attachmentsCount":0,"shouldDisplayMessage":false},{"name":"Then validate all the items labels","time":{"start":1759331215195,"stop":1759331215386,"duration":191},"status":"failed","statusMessage":"expected:<Sauce Labs Backpack> but was:<[Sauce Labs Backpack, Sauce Labs Bike Light, Sauce Labs Bolt T-Shirt, Sauce Labs Fleece Jacket, Sauce Labs Onesie, Test.allTheThings() T-Shirt (Red)]>","statusTrace":"java.lang.AssertionError: expected:<Sauce Labs Backpack> but was:<[Sauce Labs Backpack, Sauce Labs Bike Light, Sauce Labs Bolt T-Shirt, Sauce Labs Fleece Jacket, Sauce Labs Onesie, Test.allTheThings() T-Shirt (Red)]>\r\n\tat org.junit.Assert.fail(Assert.java:89)\r\n\tat org.junit.Assert.failNotEquals(Assert.java:835)\r\n\tat org.junit.Assert.assertEquals(Assert.java:120)\r\n\tat org.junit.Assert.assertEquals(Assert.java:146)\r\n\tat com.UI.TestStepDefinitions.HomePageTest.validate_all_the_items_labels(HomePageTest.java:45)\r\n\tat ✽.validate all the items labels(file:///D:/checkoutRepo/BddTestAutomation/TestAutomationFramework/src/test/resources/Features/homePage.feature:14)\r\n","steps":[],"attachments":[],"parameters":[],"hasContent":true,"attachmentStep":false,"stepsCount":0,"attachmentsCount":0,"shouldDisplayMessage":true}],"attachments":[],"parameters":[],"hasContent":true,"attachmentStep":false,"stepsCount":6,"attachmentsCount":0,"shouldDisplayMessage":false},"afterStages":[{"name":"com.UI.Hooks.Setup.tearDown(io.cucumber.java.Scenario)","time":{"start":1759331215390,"stop":1759331216561,"duration":1171},"status":"passed","steps":[],"attachments":[{"uid":"506385ec14a1b27c","name":"Validate all items in homepage_20251001_203655","source":"506385ec14a1b27c.png","type":"image/png","size":192250}],"parameters":[],"hasContent":true,"attachmentStep":false,"stepsCount":0,"attachmentsCount":1,"shouldDisplayMessage":false}],"labels":[{"name":"tag","value":"Homepage"},{"name":"tag","value":"Regression"},{"name":"tag","value":"TestCase001"},{"name":"host","value":"SarojKumar2018"},{"name":"thread","value":"2692@SarojKumar2018.main(1)"},{"name":"feature","value":"Validate the homepage functionality"},{"name":"story","value":"Validate all items in homepage"},{"name":"suite","value":"Validate the homepage functionality"},{"name":"testClass","value":"Validate all items in homepage"},{"name":"framework","value":"cucumber4jvm"},{"name":"language","value":"java"},{"name":"gherkin_uri","value":"file:///D:/checkoutRepo/BddTestAutomation/TestAutomationFramework/src/test/resources/Features/homePage.feature"},{"name":"package","value":"src.test.resources.Features.homePage_feature.Validate the homepage functionality"},{"name":"resultFormat","value":"allure2"}],"parameters":[],"links":[],"hidden":false,"retry":false,"extra":{"severity":"normal","retries":[{"uid":"779686e0ae0a1c88","status":"broken","statusDetails":"no such element: Unable to locate element: {\"method\":\"xpath\",\"selector\":\"//div[@id='menu_button_container']/following-sibling::div/div\"}\n  (Session info: chrome=140.0.7339.208)\nFor documentation on this error, please visit: https://www.selenium.dev/documentation/webdriver/troubleshooting/errors#no-such-element-exception\nBuild info: version: '4.35.0', revision: '1c58e5028b'\nSystem info: os.name: 'Windows 10', os.arch: 'amd64', os.version: '10.0', java.version: '15.0.1'\nDriver info: org.openqa.selenium.chrome.ChromeDriver\nCommand: [8ff62122065c04c0f87f44714c7b0c6f, findElement {using=xpath, value=//div[@id='menu_button_container']/following-sibling::div/div}]\nCapabilities {acceptInsecureCerts: false, browserName: chrome, browserVersion: 140.0.7339.208, chrome: {chromedriverVersion: 140.0.7339.207 (17230b545fd..., userDataDir: C:\\Users\\saroj\\AppData\\Loca...}, fedcm:accounts: true, goog:chromeOptions: {debuggerAddress: localhost:53177}, networkConnectionEnabled: false, pageLoadStrategy: normal, platformName: windows, proxy: Proxy(), se:cdp: ws://localhost:53177/devtoo..., se:cdpVersion: 140.0.7339.208, setWindowRect: true, strictFileInteractability: false, timeouts: {implicit: 0, pageLoad: 300000, script: 30000}, unhandledPromptBehavior: dismiss and notify, webauthn:extension:credBlob: true, webauthn:extension:largeBlob: true, webauthn:extension:minPinLength: true, webauthn:extension:prf: true, webauthn:virtualAuthenticators: true}\nSession ID: 8ff62122065c04c0f87f44714c7b0c6f","time":{"start":1759331126470,"stop":1759331139794,"duration":13324}}],"categories":[{"name":"Product defects","matchedStatuses":[]}],"tags":["Homepage","Regression","TestCase001"]},"source":"524baa1431d65e85.json","parameterValues":[]}